<?xml version="1.0" encoding="UTF-8"?>
<!-- Generated by org.testng.reporters.JUnitReportReporter -->
<testsuite skipped="0" hostname="LAPTOP-37R1BT8F" name="APIProject.com.org.api.FSPAquisitionPartyGET" tests="2" failures="0" timestamp="2022-01-05T16:51:52 CAT" time="9.145" errors="0">
  <testcase name="FSPAquisiontGETRequest" time="7.845" classname="APIProject.com.org.api.FSPAquisitionPartyGET"/>
  <testcase name="partytypes" time="1.300" classname="APIProject.com.org.api.FSPAquisitionPartyGET"/>
</testsuite> <!-- APIProject.com.org.api.FSPAquisitionPartyGET -->
