<?xml version="1.0" encoding="UTF-8"?>
<!-- Generated by org.testng.reporters.JUnitReportReporter -->
<testsuite skipped="0" hostname="LAPTOP-37R1BT8F" name="APIProject.com.org.api.WebsocketsAutomation" tests="1" failures="0" timestamp="2021-07-05T16:48:40 CAT" time="0.332" errors="0">
  <testcase name="GETALLCLIENTS2" time="0.332" classname="APIProject.com.org.api.WebsocketsAutomation"/>
</testsuite> <!-- APIProject.com.org.api.WebsocketsAutomation -->
