<?xml version="1.0" encoding="UTF-8"?>
<!-- Generated by org.testng.reporters.JUnitReportReporter -->
<testsuite skipped="0" hostname="LAPTOP-37R1BT8F" name="APIProject.com.org.api.WeatherMaps" tests="1" failures="0" timestamp="2021-11-19T19:36:35 CAT" time="12.850" errors="0">
  <testcase name="Transfering_api_reponse_to_other_api_17Lesson" time="12.850" classname="APIProject.com.org.api.WeatherMaps"/>
</testsuite> <!-- APIProject.com.org.api.WeatherMaps -->
