<?xml version="1.0" encoding="UTF-8"?>
<!-- Generated by org.testng.reporters.JUnitReportReporter -->
<testsuite skipped="0" hostname="LAP00050" name="APIProject.com.org.api.WeatherMaps" tests="1" failures="0" timestamp="2021-01-16T16:12:14 CAT" time="5.859" errors="0">
  <testcase name="Transfering_api_reponse_to_other_api_17Lesson" time="5.859" classname="APIProject.com.org.api.WeatherMaps"/>
  <system-out/>
</testsuite> <!-- APIProject.com.org.api.WeatherMaps -->
