<?xml version="1.0" encoding="UTF-8"?>
<!-- Generated by org.testng.reporters.JUnitReportReporter -->
<testsuite skipped="0" hostname="LAP00050" name="APIProject.com.org.api.FSPAquisitionPartyGET" tests="2" failures="0" timestamp="2020-12-12T16:26:13 CAT" time="8.107" errors="0">
  <testcase name="partytypes" time="0.942" classname="APIProject.com.org.api.FSPAquisitionPartyGET"/>
  <system-out/>
  <testcase name="FSPAquisiontGETRequest" time="7.165" classname="APIProject.com.org.api.FSPAquisitionPartyGET"/>
  <system-out/>
</testsuite> <!-- APIProject.com.org.api.FSPAquisitionPartyGET -->
