<?xml version="1.0" encoding="UTF-8"?>
<testsuite xmlns:xsi="http://www.w3.org/2001/XMLSchema-instance" xsi:noNamespaceSchemaLocation="https://maven.apache.org/surefire/maven-surefire-plugin/xsd/surefire-test-report-3.0.xsd" version="3.0" name="TestSuite" time="2.938" tests="20" errors="0" skipped="0" failures="1">
  <properties>
    <property name="sun.desktop" value="windows"/>
    <property name="awt.toolkit" value="sun.awt.windows.WToolkit"/>
    <property name="file.encoding.pkg" value="sun.io"/>
    <property name="java.specification.version" value="1.8"/>
    <property name="sun.cpu.isalist" value="amd64"/>
    <property name="sun.jnu.encoding" value="Cp1252"/>
    <property name="java.class.path" value="C:\Users\e568414\eclipse-workspace\com.org.api\target\test-classes;C:\Users\e568414\eclipse-workspace\com.org.api\target\classes;C:\Users\e568414\.m2\repository\org\testng\testng\7.1.0\testng-7.1.0.jar;C:\Users\e568414\.m2\repository\com\beust\jcommander\1.72\jcommander-1.72.jar;C:\Users\e568414\.m2\repository\com\google\inject\guice\4.1.0\guice-4.1.0-no_aop.jar;C:\Users\e568414\.m2\repository\javax\inject\javax.inject\1\javax.inject-1.jar;C:\Users\e568414\.m2\repository\aopalliance\aopalliance\1.0\aopalliance-1.0.jar;C:\Users\e568414\.m2\repository\com\google\guava\guava\19.0\guava-19.0.jar;C:\Users\e568414\.m2\repository\org\yaml\snakeyaml\1.21\snakeyaml-1.21.jar;C:\Users\e568414\.m2\repository\com\jayway\restassured\rest-assured\2.9.0\rest-assured-2.9.0.jar;C:\Users\e568414\.m2\repository\org\codehaus\groovy\groovy\2.4.4\groovy-2.4.4.jar;C:\Users\e568414\.m2\repository\org\codehaus\groovy\groovy-xml\2.4.4\groovy-xml-2.4.4.jar;C:\Users\e568414\.m2\repository\org\apache\httpcomponents\httpclient\4.5.1\httpclient-4.5.1.jar;C:\Users\e568414\.m2\repository\org\apache\httpcomponents\httpcore\4.4.3\httpcore-4.4.3.jar;C:\Users\e568414\.m2\repository\commons-logging\commons-logging\1.2\commons-logging-1.2.jar;C:\Users\e568414\.m2\repository\org\apache\httpcomponents\httpmime\4.5.1\httpmime-4.5.1.jar;C:\Users\e568414\.m2\repository\org\hamcrest\hamcrest-core\1.3\hamcrest-core-1.3.jar;C:\Users\e568414\.m2\repository\org\hamcrest\hamcrest-library\1.3\hamcrest-library-1.3.jar;C:\Users\e568414\.m2\repository\org\ccil\cowan\tagsoup\tagsoup\1.2.1\tagsoup-1.2.1.jar;C:\Users\e568414\.m2\repository\com\jayway\restassured\json-path\2.9.0\json-path-2.9.0.jar;C:\Users\e568414\.m2\repository\org\codehaus\groovy\groovy-json\2.4.4\groovy-json-2.4.4.jar;C:\Users\e568414\.m2\repository\com\jayway\restassured\rest-assured-common\2.9.0\rest-assured-common-2.9.0.jar;C:\Users\e568414\.m2\repository\com\jayway\restassured\xml-path\2.9.0\xml-path-2.9.0.jar;C:\Users\e568414\.m2\repository\com\jayway\jsonpath\json-path\2.4.0\json-path-2.4.0.jar;C:\Users\e568414\.m2\repository\net\minidev\json-smart\2.3\json-smart-2.3.jar;C:\Users\e568414\.m2\repository\net\minidev\accessors-smart\1.2\accessors-smart-1.2.jar;C:\Users\e568414\.m2\repository\org\ow2\asm\asm\5.0.4\asm-5.0.4.jar;C:\Users\e568414\.m2\repository\org\slf4j\slf4j-api\1.7.25\slf4j-api-1.7.25.jar;C:\Users\e568414\.m2\repository\com\jayway\restassured\json-schema-validator\2.9.0\json-schema-validator-2.9.0.jar;C:\Users\e568414\.m2\repository\com\github\fge\json-schema-validator\2.2.6\json-schema-validator-2.2.6.jar;C:\Users\e568414\.m2\repository\com\google\code\findbugs\jsr305\3.0.0\jsr305-3.0.0.jar;C:\Users\e568414\.m2\repository\joda-time\joda-time\2.3\joda-time-2.3.jar;C:\Users\e568414\.m2\repository\com\googlecode\libphonenumber\libphonenumber\6.2\libphonenumber-6.2.jar;C:\Users\e568414\.m2\repository\com\github\fge\json-schema-core\1.2.5\json-schema-core-1.2.5.jar;C:\Users\e568414\.m2\repository\com\github\fge\uri-template\0.9\uri-template-0.9.jar;C:\Users\e568414\.m2\repository\com\github\fge\msg-simple\1.1\msg-simple-1.1.jar;C:\Users\e568414\.m2\repository\com\github\fge\btf\1.2\btf-1.2.jar;C:\Users\e568414\.m2\repository\com\github\fge\jackson-coreutils\1.8\jackson-coreutils-1.8.jar;C:\Users\e568414\.m2\repository\com\fasterxml\jackson\core\jackson-databind\2.2.3\jackson-databind-2.2.3.jar;C:\Users\e568414\.m2\repository\com\fasterxml\jackson\core\jackson-annotations\2.2.3\jackson-annotations-2.2.3.jar;C:\Users\e568414\.m2\repository\com\fasterxml\jackson\core\jackson-core\2.2.3\jackson-core-2.2.3.jar;C:\Users\e568414\.m2\repository\org\mozilla\rhino\1.7R4\rhino-1.7R4.jar;C:\Users\e568414\.m2\repository\javax\mail\mailapi\1.4.3\mailapi-1.4.3.jar;C:\Users\e568414\.m2\repository\javax\activation\activation\1.1\activation-1.1.jar;C:\Users\e568414\.m2\repository\net\sf\jopt-simple\jopt-simple\4.6\jopt-simple-4.6.jar;C:\Users\e568414\.m2\repository\com\aventstack\extentreports\3.1.5\extentreports-3.1.5.jar;C:\Users\e568414\.m2\repository\org\freemarker\freemarker\2.3.23\freemarker-2.3.23.jar;C:\Users\e568414\.m2\repository\org\mongodb\mongodb-driver\3.3.0\mongodb-driver-3.3.0.jar;C:\Users\e568414\.m2\repository\org\mongodb\bson\3.3.0\bson-3.3.0.jar;C:\Users\e568414\.m2\repository\org\mongodb\mongodb-driver-core\3.3.0\mongodb-driver-core-3.3.0.jar;C:\Users\e568414\.m2\repository\org\jsoup\jsoup\1.9.2\jsoup-1.9.2.jar;C:\Users\e568414\.m2\repository\org\apache\poi\poi\4.1.2\poi-4.1.2.jar;C:\Users\e568414\.m2\repository\commons-codec\commons-codec\1.13\commons-codec-1.13.jar;C:\Users\e568414\.m2\repository\org\apache\commons\commons-collections4\4.4\commons-collections4-4.4.jar;C:\Users\e568414\.m2\repository\org\apache\commons\commons-math3\3.6.1\commons-math3-3.6.1.jar;C:\Users\e568414\.m2\repository\com\zaxxer\SparseBitSet\1.2\SparseBitSet-1.2.jar;C:\Users\e568414\.m2\repository\javax\websocket\javax.websocket-api\1.0\javax.websocket-api-1.0.jar;C:\Users\e568414\.m2\repository\org\apache\commons\commons-lang3\3.11\commons-lang3-3.11.jar;C:\Users\e568414\.m2\repository\org\apache\poi\poi-ooxml\4.1.2\poi-ooxml-4.1.2.jar;C:\Users\e568414\.m2\repository\org\apache\poi\poi-ooxml-schemas\4.1.2\poi-ooxml-schemas-4.1.2.jar;C:\Users\e568414\.m2\repository\org\apache\xmlbeans\xmlbeans\3.1.0\xmlbeans-3.1.0.jar;C:\Users\e568414\.m2\repository\org\apache\commons\commons-compress\1.19\commons-compress-1.19.jar;C:\Users\e568414\.m2\repository\com\github\virtuald\curvesapi\1.06\curvesapi-1.06.jar;C:\Users\e568414\.m2\repository\org\glassfish\tyrus\tyrus-server\1.1\tyrus-server-1.1.jar;C:\Users\e568414\.m2\repository\org\glassfish\tyrus\tyrus-core\1.1\tyrus-core-1.1.jar;C:\Users\e568414\.m2\repository\org\glassfish\tyrus\tyrus-spi\1.1\tyrus-spi-1.1.jar;C:\Users\e568414\.m2\repository\org\glassfish\tyrus\tyrus-websocket-core\1.1\tyrus-websocket-core-1.1.jar;C:\Users\e568414\.m2\repository\org\glassfish\tyrus\bundles\tyrus-standalone-client\1.9\tyrus-standalone-client-1.9.jar;C:\Users\e568414\.m2\repository\org\glassfish\tyrus\tyrus-client\1.1\tyrus-client-1.1.jar;C:\Users\e568414\.m2\repository\org\glassfish\tyrus\tyrus-container-grizzly\1.1\tyrus-container-grizzly-1.1.jar;C:\Users\e568414\.m2\repository\org\glassfish\grizzly\grizzly-framework\2.3.3\grizzly-framework-2.3.3.jar;C:\Users\e568414\.m2\repository\org\glassfish\grizzly\grizzly-http-server\2.3.3\grizzly-http-server-2.3.3.jar;C:\Users\e568414\.m2\repository\org\glassfish\grizzly\grizzly-http\2.3.3\grizzly-http-2.3.3.jar;C:\Users\e568414\.m2\repository\org\glassfish\grizzly\grizzly-rcm\2.3.3\grizzly-rcm-2.3.3.jar;C:\Users\e568414\.m2\repository\com\google\code\gson\gson\2.5\gson-2.5.jar;C:\Users\e568414\.m2\repository\org\java-websocket\Java-WebSocket\1.3.0\Java-WebSocket-1.3.0.jar;C:\Users\e568414\.m2\repository\org\json\json\20201115\json-20201115.jar;"/>
    <property name="java.vm.vendor" value=""/>
    <property name="sun.arch.data.model" value="64"/>
    <property name="user.variant" value=""/>
    <property name="java.vendor.url" value="http://java.oracle.com/"/>
    <property name="user.timezone" value="Africa/Harare"/>
    <property name="java.vm.specification.version" value="1.8"/>
    <property name="os.name" value="Windows 10"/>
    <property name="user.country" value="ZA"/>
    <property name="sun.java.launcher" value="SUN_STANDARD"/>
    <property name="sun.boot.library.path" value="C:\Program Files\AdoptOpenJDK\jdk-8.0.222.10-hotspot\jre\bin"/>
    <property name="sun.java.command" value="C:\Users\e568414\AppData\Local\Temp\surefire3151980714426321689\surefirebooter7778502452882128273.jar C:\Users\e568414\AppData\Local\Temp\surefire3151980714426321689 2021-03-07T12-20-28_581-jvmRun1 surefire6040678199390855970tmp surefire_0846343373748723338tmp"/>
    <property name="surefire.test.class.path" value="C:\Users\e568414\eclipse-workspace\com.org.api\target\test-classes;C:\Users\e568414\eclipse-workspace\com.org.api\target\classes;C:\Users\e568414\.m2\repository\org\testng\testng\7.1.0\testng-7.1.0.jar;C:\Users\e568414\.m2\repository\com\beust\jcommander\1.72\jcommander-1.72.jar;C:\Users\e568414\.m2\repository\com\google\inject\guice\4.1.0\guice-4.1.0-no_aop.jar;C:\Users\e568414\.m2\repository\javax\inject\javax.inject\1\javax.inject-1.jar;C:\Users\e568414\.m2\repository\aopalliance\aopalliance\1.0\aopalliance-1.0.jar;C:\Users\e568414\.m2\repository\com\google\guava\guava\19.0\guava-19.0.jar;C:\Users\e568414\.m2\repository\org\yaml\snakeyaml\1.21\snakeyaml-1.21.jar;C:\Users\e568414\.m2\repository\com\jayway\restassured\rest-assured\2.9.0\rest-assured-2.9.0.jar;C:\Users\e568414\.m2\repository\org\codehaus\groovy\groovy\2.4.4\groovy-2.4.4.jar;C:\Users\e568414\.m2\repository\org\codehaus\groovy\groovy-xml\2.4.4\groovy-xml-2.4.4.jar;C:\Users\e568414\.m2\repository\org\apache\httpcomponents\httpclient\4.5.1\httpclient-4.5.1.jar;C:\Users\e568414\.m2\repository\org\apache\httpcomponents\httpcore\4.4.3\httpcore-4.4.3.jar;C:\Users\e568414\.m2\repository\commons-logging\commons-logging\1.2\commons-logging-1.2.jar;C:\Users\e568414\.m2\repository\org\apache\httpcomponents\httpmime\4.5.1\httpmime-4.5.1.jar;C:\Users\e568414\.m2\repository\org\hamcrest\hamcrest-core\1.3\hamcrest-core-1.3.jar;C:\Users\e568414\.m2\repository\org\hamcrest\hamcrest-library\1.3\hamcrest-library-1.3.jar;C:\Users\e568414\.m2\repository\org\ccil\cowan\tagsoup\tagsoup\1.2.1\tagsoup-1.2.1.jar;C:\Users\e568414\.m2\repository\com\jayway\restassured\json-path\2.9.0\json-path-2.9.0.jar;C:\Users\e568414\.m2\repository\org\codehaus\groovy\groovy-json\2.4.4\groovy-json-2.4.4.jar;C:\Users\e568414\.m2\repository\com\jayway\restassured\rest-assured-common\2.9.0\rest-assured-common-2.9.0.jar;C:\Users\e568414\.m2\repository\com\jayway\restassured\xml-path\2.9.0\xml-path-2.9.0.jar;C:\Users\e568414\.m2\repository\com\jayway\jsonpath\json-path\2.4.0\json-path-2.4.0.jar;C:\Users\e568414\.m2\repository\net\minidev\json-smart\2.3\json-smart-2.3.jar;C:\Users\e568414\.m2\repository\net\minidev\accessors-smart\1.2\accessors-smart-1.2.jar;C:\Users\e568414\.m2\repository\org\ow2\asm\asm\5.0.4\asm-5.0.4.jar;C:\Users\e568414\.m2\repository\org\slf4j\slf4j-api\1.7.25\slf4j-api-1.7.25.jar;C:\Users\e568414\.m2\repository\com\jayway\restassured\json-schema-validator\2.9.0\json-schema-validator-2.9.0.jar;C:\Users\e568414\.m2\repository\com\github\fge\json-schema-validator\2.2.6\json-schema-validator-2.2.6.jar;C:\Users\e568414\.m2\repository\com\google\code\findbugs\jsr305\3.0.0\jsr305-3.0.0.jar;C:\Users\e568414\.m2\repository\joda-time\joda-time\2.3\joda-time-2.3.jar;C:\Users\e568414\.m2\repository\com\googlecode\libphonenumber\libphonenumber\6.2\libphonenumber-6.2.jar;C:\Users\e568414\.m2\repository\com\github\fge\json-schema-core\1.2.5\json-schema-core-1.2.5.jar;C:\Users\e568414\.m2\repository\com\github\fge\uri-template\0.9\uri-template-0.9.jar;C:\Users\e568414\.m2\repository\com\github\fge\msg-simple\1.1\msg-simple-1.1.jar;C:\Users\e568414\.m2\repository\com\github\fge\btf\1.2\btf-1.2.jar;C:\Users\e568414\.m2\repository\com\github\fge\jackson-coreutils\1.8\jackson-coreutils-1.8.jar;C:\Users\e568414\.m2\repository\com\fasterxml\jackson\core\jackson-databind\2.2.3\jackson-databind-2.2.3.jar;C:\Users\e568414\.m2\repository\com\fasterxml\jackson\core\jackson-annotations\2.2.3\jackson-annotations-2.2.3.jar;C:\Users\e568414\.m2\repository\com\fasterxml\jackson\core\jackson-core\2.2.3\jackson-core-2.2.3.jar;C:\Users\e568414\.m2\repository\org\mozilla\rhino\1.7R4\rhino-1.7R4.jar;C:\Users\e568414\.m2\repository\javax\mail\mailapi\1.4.3\mailapi-1.4.3.jar;C:\Users\e568414\.m2\repository\javax\activation\activation\1.1\activation-1.1.jar;C:\Users\e568414\.m2\repository\net\sf\jopt-simple\jopt-simple\4.6\jopt-simple-4.6.jar;C:\Users\e568414\.m2\repository\com\aventstack\extentreports\3.1.5\extentreports-3.1.5.jar;C:\Users\e568414\.m2\repository\org\freemarker\freemarker\2.3.23\freemarker-2.3.23.jar;C:\Users\e568414\.m2\repository\org\mongodb\mongodb-driver\3.3.0\mongodb-driver-3.3.0.jar;C:\Users\e568414\.m2\repository\org\mongodb\bson\3.3.0\bson-3.3.0.jar;C:\Users\e568414\.m2\repository\org\mongodb\mongodb-driver-core\3.3.0\mongodb-driver-core-3.3.0.jar;C:\Users\e568414\.m2\repository\org\jsoup\jsoup\1.9.2\jsoup-1.9.2.jar;C:\Users\e568414\.m2\repository\org\apache\poi\poi\4.1.2\poi-4.1.2.jar;C:\Users\e568414\.m2\repository\commons-codec\commons-codec\1.13\commons-codec-1.13.jar;C:\Users\e568414\.m2\repository\org\apache\commons\commons-collections4\4.4\commons-collections4-4.4.jar;C:\Users\e568414\.m2\repository\org\apache\commons\commons-math3\3.6.1\commons-math3-3.6.1.jar;C:\Users\e568414\.m2\repository\com\zaxxer\SparseBitSet\1.2\SparseBitSet-1.2.jar;C:\Users\e568414\.m2\repository\javax\websocket\javax.websocket-api\1.0\javax.websocket-api-1.0.jar;C:\Users\e568414\.m2\repository\org\apache\commons\commons-lang3\3.11\commons-lang3-3.11.jar;C:\Users\e568414\.m2\repository\org\apache\poi\poi-ooxml\4.1.2\poi-ooxml-4.1.2.jar;C:\Users\e568414\.m2\repository\org\apache\poi\poi-ooxml-schemas\4.1.2\poi-ooxml-schemas-4.1.2.jar;C:\Users\e568414\.m2\repository\org\apache\xmlbeans\xmlbeans\3.1.0\xmlbeans-3.1.0.jar;C:\Users\e568414\.m2\repository\org\apache\commons\commons-compress\1.19\commons-compress-1.19.jar;C:\Users\e568414\.m2\repository\com\github\virtuald\curvesapi\1.06\curvesapi-1.06.jar;C:\Users\e568414\.m2\repository\org\glassfish\tyrus\tyrus-server\1.1\tyrus-server-1.1.jar;C:\Users\e568414\.m2\repository\org\glassfish\tyrus\tyrus-core\1.1\tyrus-core-1.1.jar;C:\Users\e568414\.m2\repository\org\glassfish\tyrus\tyrus-spi\1.1\tyrus-spi-1.1.jar;C:\Users\e568414\.m2\repository\org\glassfish\tyrus\tyrus-websocket-core\1.1\tyrus-websocket-core-1.1.jar;C:\Users\e568414\.m2\repository\org\glassfish\tyrus\bundles\tyrus-standalone-client\1.9\tyrus-standalone-client-1.9.jar;C:\Users\e568414\.m2\repository\org\glassfish\tyrus\tyrus-client\1.1\tyrus-client-1.1.jar;C:\Users\e568414\.m2\repository\org\glassfish\tyrus\tyrus-container-grizzly\1.1\tyrus-container-grizzly-1.1.jar;C:\Users\e568414\.m2\repository\org\glassfish\grizzly\grizzly-framework\2.3.3\grizzly-framework-2.3.3.jar;C:\Users\e568414\.m2\repository\org\glassfish\grizzly\grizzly-http-server\2.3.3\grizzly-http-server-2.3.3.jar;C:\Users\e568414\.m2\repository\org\glassfish\grizzly\grizzly-http\2.3.3\grizzly-http-2.3.3.jar;C:\Users\e568414\.m2\repository\org\glassfish\grizzly\grizzly-rcm\2.3.3\grizzly-rcm-2.3.3.jar;C:\Users\e568414\.m2\repository\com\google\code\gson\gson\2.5\gson-2.5.jar;C:\Users\e568414\.m2\repository\org\java-websocket\Java-WebSocket\1.3.0\Java-WebSocket-1.3.0.jar;C:\Users\e568414\.m2\repository\org\json\json\20201115\json-20201115.jar;"/>
    <property name="sun.cpu.endian" value="little"/>
    <property name="user.home" value="C:\Users\e568414"/>
    <property name="user.language" value="en"/>
    <property name="java.specification.vendor" value="Oracle Corporation"/>
    <property name="java.home" value="C:\Program Files\AdoptOpenJDK\jdk-8.0.222.10-hotspot\jre"/>
    <property name="basedir" value="C:\Users\e568414\eclipse-workspace\com.org.api"/>
    <property name="file.separator" value="\"/>
    <property name="line.separator" value="&#10;"/>
    <property name="java.vm.specification.vendor" value="Oracle Corporation"/>
    <property name="java.specification.name" value="Java Platform API Specification"/>
    <property name="java.awt.graphicsenv" value="sun.awt.Win32GraphicsEnvironment"/>
    <property name="surefire.real.class.path" value="C:\Users\e568414\AppData\Local\Temp\surefire3151980714426321689\surefirebooter7778502452882128273.jar"/>
    <property name="sun.boot.class.path" value="C:\Program Files\AdoptOpenJDK\jdk-8.0.222.10-hotspot\jre\lib\resources.jar;C:\Program Files\AdoptOpenJDK\jdk-8.0.222.10-hotspot\jre\lib\rt.jar;C:\Program Files\AdoptOpenJDK\jdk-8.0.222.10-hotspot\jre\lib\sunrsasign.jar;C:\Program Files\AdoptOpenJDK\jdk-8.0.222.10-hotspot\jre\lib\jsse.jar;C:\Program Files\AdoptOpenJDK\jdk-8.0.222.10-hotspot\jre\lib\jce.jar;C:\Program Files\AdoptOpenJDK\jdk-8.0.222.10-hotspot\jre\lib\charsets.jar;C:\Program Files\AdoptOpenJDK\jdk-8.0.222.10-hotspot\jre\lib\jfr.jar;C:\Program Files\AdoptOpenJDK\jdk-8.0.222.10-hotspot\jre\classes"/>
    <property name="user.script" value=""/>
    <property name="sun.management.compiler" value="HotSpot 64-Bit Tiered Compilers"/>
    <property name="java.runtime.version" value="1.8.0_222-b10"/>
    <property name="user.name" value="E568414"/>
    <property name="path.separator" value=";"/>
    <property name="os.version" value="10.0"/>
    <property name="java.endorsed.dirs" value="C:\Program Files\AdoptOpenJDK\jdk-8.0.222.10-hotspot\jre\lib\endorsed"/>
    <property name="java.runtime.name" value="OpenJDK Runtime Environment"/>
    <property name="file.encoding" value="Cp1252"/>
    <property name="java.vm.name" value="OpenJDK 64-Bit Server VM"/>
    <property name="localRepository" value="C:\Users\e568414\.m2\repository"/>
    <property name="java.vendor.url.bug" value="http://bugreport.sun.com/bugreport/"/>
    <property name="java.io.tmpdir" value="C:\Users\e568414\AppData\Local\Temp\"/>
    <property name="java.version" value="1.8.0_222"/>
    <property name="user.dir" value="C:\Users\e568414\eclipse-workspace\com.org.api"/>
    <property name="os.arch" value="amd64"/>
    <property name="java.vm.specification.name" value="Java Virtual Machine Specification"/>
    <property name="java.awt.printerjob" value="sun.awt.windows.WPrinterJob"/>
    <property name="sun.os.patch.level" value=""/>
    <property name="java.library.path" value="C:\Program Files\AdoptOpenJDK\jdk-8.0.222.10-hotspot\jre\bin;C:\windows\Sun\Java\bin;C:\windows\system32;C:\windows;C:\Program Files\AdoptOpenJDK\jdk-8.0.222.10-hotspot\bin;C:\windows\system32;C:\windows;C:\windows\System32\Wbem;C:\windows\System32\WindowsPowerShell\v1.0\;C:\PROGRA~2\IBM\SQLLIB\BIN;C:\PROGRA~2\IBM\SQLLIB\FUNCTION;C:\Program Files\Intel\WiFi\bin\;C:\Program Files\Common Files\Intel\WirelessCommon\;C:\Program Files (x86)\Microsoft SQL Server\Client SDK\ODBC\110\Tools\Binn\;C:\Program Files (x86)\Microsoft SQL Server\120\Tools\Binn\ManagementStudio\;C:\Program Files (x86)\Microsoft SQL Server\120\Tools\Binn\;C:\Program Files (x86)\Microsoft SQL Server\120\DTS\Binn\;C:\Program Files\Java\jdk1.8.0_221\bin;C:\Users\e568414\AppData\Local\Android\Sdk\tools\bin;C:\Users\e568414\AppData\Local\Android\Sdk\tools;C:\Users\e568414\AppData\Local\Android\Sdk\platform-tools;C:\Program Files\nodejs;C:\Program Files\nodejs\node_modules\npm\bin;C:\Program Files (x86)\Microsoft SQL Server\Client SDK\ODBC\130\Tools\Binn\;C:\Program Files (x86)\Microsoft SQL Server\140\Tools\Binn\;C:\Program Files (x86)\Microsoft SQL Server\140\DTS\Binn\;C:\Program Files (x86)\Microsoft SQL Server\140\Tools\Binn\ManagementStudio\;C:\Users\e568414\Documents\Udemy\Appium Latest 1.8.2 Mobile Automation Testing From Scratch\Maven Setup file\apache-maven-3.6.3-bin\apache-maven-3.6.3\bin;C:\Program Files (x86)\Intel\Intel(R) Management Engine Components\DAL;C:\Program Files\Intel\Intel(R) Management Engine Components\DAL;C:\Users\e568414\Documents\Udemy\Appium Latest 1.8.2 Mobile Automation Testing From Scratch\Maven Setup file\apache-maven-3.6.3-bin\apache-maven-3.6.3\bin;C:\Users\e568414\AppData\Roaming\npm\node_modules\wscat\bin\wscat;C:\Users\e568414\AppData\Roaming\npm\node_modules\wscat\bin;C:\Users\e568414\AppData\Local\Microsoft\WindowsApps;C:\Program Files\nodejs;C:\Users\e568414\AppData\Roaming\npm\node_modules\wscat\bin\wscat;C:\Users\e568414\AppData\Roaming\npm\node_modules\wscat\bin;;C:\Users\e568414\AppData\Local\Programs\Microsoft VS Code\bin;."/>
    <property name="java.vm.info" value="mixed mode"/>
    <property name="java.vendor" value="AdoptOpenJDK"/>
    <property name="java.vm.version" value="25.222-b10"/>
    <property name="java.ext.dirs" value="C:\Program Files\AdoptOpenJDK\jdk-8.0.222.10-hotspot\jre\lib\ext;C:\windows\Sun\Java\lib\ext"/>
    <property name="sun.io.unicode.encoding" value="UnicodeLittle"/>
    <property name="java.class.version" value="52.0"/>
  </properties>
  <testcase name="CANCELLCONTRACT" classname="APIProject.com.org.api.WebsocketsAutomation" time="0.034"/>
  <testcase name="CHECKSERIAL" classname="APIProject.com.org.api.WebsocketsAutomation" time="0.003"/>
  <testcase name="DEACTIVATE" classname="APIProject.com.org.api.WebsocketsAutomation" time="0.003"/>
  <testcase name="GETALLCLIENTS2" classname="APIProject.com.org.api.WebsocketsAutomation" time="0.165"/>
  <testcase name="GETALLREFERALS" classname="APIProject.com.org.api.WebsocketsAutomation" time="0.008"/>
  <testcase name="GETDEFAULTUSERDEVICES" classname="APIProject.com.org.api.WebsocketsAutomation" time="0.031"/>
  <testcase name="GETDEVICESTATE" classname="APIProject.com.org.api.WebsocketsAutomation" time="0.004"/>
  <testcase name="GETINSTALLER" classname="APIProject.com.org.api.WebsocketsAutomation" time="0.004"/>
  <testcase name="GETMONTHINSTALLS" classname="APIProject.com.org.api.WebsocketsAutomation" time="0.005"/>
  <testcase name="GETNEWS" classname="APIProject.com.org.api.WebsocketsAutomation" time="0.005"/>
  <testcase name="LEADCALLED" classname="APIProject.com.org.api.WebsocketsAutomation" time="0.008">
    <failure message="C:\test\LEADCALLED.txt (The system cannot find the file specified)" type="java.io.FileNotFoundException"><![CDATA[java.io.FileNotFoundException: C:\test\LEADCALLED.txt (The system cannot find the file specified)
	at APIProject.com.org.api.WebsocketsAutomation.LEADCALLED(WebsocketsAutomation.java:1123)
]]></failure>
  </testcase>
  <testcase name="LOGIN" classname="APIProject.com.org.api.WebsocketsAutomation" time="0.002"/>
  <testcase name="MAKEDEVICEREADY" classname="APIProject.com.org.api.WebsocketsAutomation" time="0.004"/>
  <testcase name="SAVENEWS" classname="APIProject.com.org.api.WebsocketsAutomation" time="0.021"/>
  <testcase name="SENDSMS" classname="APIProject.com.org.api.WebsocketsAutomation" time="0.004"/>
  <testcase name="UPDATEDEVICECELL" classname="APIProject.com.org.api.WebsocketsAutomation" time="0.003"/>
  <testcase name="VERIFYOTP" classname="APIProject.com.org.api.WebsocketsAutomation" time="0.004"/>
  <testcase name="UNLINKDEVICE" classname="APIProject.com.org.api.WebsocketsAutomation" time="0.004"/>
  <testcase name="ACTIVATE" classname="APIProject.com.org.api.WebsocketsAutomation" time="0.004"/>
  <testcase name="REINSTATECONTRACT" classname="APIProject.com.org.api.WebsocketsAutomation" time="0.004"/>
</testsuite>